2017-11-04T05:26:03.651313Z mysqld_safe Logging to '/opt/bitnami/mysql/data/1a6a0ccd8e79.err'.
2017-11-04T05:26:03.667876Z mysqld_safe Starting mysqld daemon with databases from /opt/bitnami/mysql/data
mysqld: [Warning] World-writable config file '/opt/bitnami/mysql/conf/my.cnf' is ignored.
2017-11-04T05:26:03.858926Z 0 [Warning] TIMESTAMP with implicit DEFAULT value is deprecated. Please use --explicit_defaults_for_timestamp server option (see documentation for more details).
2017-11-04T05:26:03.860207Z 0 [Note] --secure-file-priv is set to NULL. Operations related to importing and exporting data are disabled
2017-11-04T05:26:03.860292Z 0 [Note] /opt/bitnami/mysql/bin/mysqld (mysqld 5.7.20) starting as process 116 ...
2017-11-04T05:26:03.866584Z 0 [Warning] Setting lower_case_table_names=2 because file system for /opt/bitnami/mysql/data/ is case insensitive
2017-11-04T05:26:03.870627Z 0 [Note] InnoDB: PUNCH HOLE support available
2017-11-04T05:26:03.870834Z 0 [Note] InnoDB: Mutexes and rw_locks use GCC atomic builtins
2017-11-04T05:26:03.870993Z 0 [Note] InnoDB: Uses event mutexes
2017-11-04T05:26:03.871170Z 0 [Note] InnoDB: GCC builtin __sync_synchronize() is used for memory barrier
2017-11-04T05:26:03.871333Z 0 [Note] InnoDB: Compressed tables use zlib 1.2.3
2017-11-04T05:26:03.871501Z 0 [Note] InnoDB: Using Linux native AIO
2017-11-04T05:26:03.871845Z 0 [Note] InnoDB: Number of pools: 1
2017-11-04T05:26:03.872089Z 0 [Note] InnoDB: Using CPU crc32 instructions
2017-11-04T05:26:03.873235Z 0 [Note] InnoDB: Initializing buffer pool, total size = 128M, instances = 1, chunk size = 128M
2017-11-04T05:26:03.879624Z 0 [Note] InnoDB: Completed initialization of buffer pool
2017-11-04T05:26:03.881362Z 0 [Note] InnoDB: If the mysqld execution user is authorized, page cleaner thread priority can be changed. See the man page of setpriority().
2017-11-04T05:26:03.945579Z 0 [Note] InnoDB: Highest supported file format is Barracuda.
2017-11-04T05:26:03.983710Z 0 [Note] InnoDB: Log scan progressed past the checkpoint lsn 2606251
2017-11-04T05:26:03.984627Z 0 [Note] InnoDB: Doing recovery: scanned up to log sequence number 2606362
2017-11-04T05:26:04.013983Z 0 [Note] InnoDB: Database was not shutdown normally!
2017-11-04T05:26:04.014498Z 0 [Note] InnoDB: Starting crash recovery.
2017-11-04T05:26:04.295328Z 0 [Note] InnoDB: Removed temporary tablespace data file: "ibtmp1"
2017-11-04T05:26:04.295647Z 0 [Note] InnoDB: Creating shared tablespace for temporary tables
2017-11-04T05:26:04.297505Z 0 [Note] InnoDB: Setting file './ibtmp1' size to 12 MB. Physically writing the file full; Please wait ...
2017-11-04T05:26:04.391371Z 0 [Note] InnoDB: File './ibtmp1' size is now 12 MB.
2017-11-04T05:26:04.395749Z 0 [Note] InnoDB: 96 redo rollback segment(s) found. 96 redo rollback segment(s) are active.
2017-11-04T05:26:04.396236Z 0 [Note] InnoDB: 32 non-redo rollback segment(s) are active.
2017-11-04T05:26:04.397361Z 0 [Note] InnoDB: Waiting for purge to start
2017-11-04T05:26:04.447949Z 0 [Note] InnoDB: 5.7.20 started; log sequence number 2606362
2017-11-04T05:26:04.448905Z 0 [Note] Plugin 'FEDERATED' is disabled.
2017-11-04T05:26:04.449645Z 0 [Note] InnoDB: Loading buffer pool(s) from /bitnami/mysql/data/ib_buffer_pool
2017-11-04T05:26:04.492047Z 0 [Warning] Failed to set up SSL because of the following SSL library error: SSL context is not usable without certificate and private key
2017-11-04T05:26:04.493218Z 0 [Note] Server hostname (bind-address): '*'; port: 3306
2017-11-04T05:26:04.493720Z 0 [Note] IPv6 is available.
2017-11-04T05:26:04.494042Z 0 [Note]   - '::' resolves to '::';
2017-11-04T05:26:04.494255Z 0 [Note] Server socket created on IP: '::'.
2017-11-04T05:26:04.520081Z 0 [Note] InnoDB: Buffer pool(s) load completed at 171104  5:26:04
2017-11-04T05:26:04.816092Z 0 [Note] Event Scheduler: Loaded 0 events
2017-11-04T05:26:04.816819Z 0 [Note] /opt/bitnami/mysql/bin/mysqld: ready for connections.
Version: '5.7.20'  socket: '/tmp/mysql.sock'  port: 3306  MySQL Community Server (GPL)
2017-11-04T05:26:04.817144Z 0 [Note] Executing 'SELECT * FROM INFORMATION_SCHEMA.TABLES;' to get a list of tables using the deprecated partition engine. You may use the startup option '--disable-partition-engine-check' to skip this check. 
2017-11-04T05:26:04.817341Z 0 [Note] Beginning of list of non-natively partitioned tables
2017-11-04T05:26:05.199737Z 0 [Note] End of list of non-natively partitioned tables
