2017-11-04T05:07:02.634247Z mysqld_safe Logging to '/opt/bitnami/mysql/data/8feef47fd3af.err'.
2017-11-04T05:07:02.650419Z mysqld_safe Starting mysqld daemon with databases from /opt/bitnami/mysql/data
mysqld: [Warning] World-writable config file '/opt/bitnami/mysql/conf/my.cnf' is ignored.
2017-11-04T05:07:02.827457Z 0 [Warning] TIMESTAMP with implicit DEFAULT value is deprecated. Please use --explicit_defaults_for_timestamp server option (see documentation for more details).
2017-11-04T05:07:02.828674Z 0 [Note] --secure-file-priv is set to NULL. Operations related to importing and exporting data are disabled
2017-11-04T05:07:02.828703Z 0 [Note] /opt/bitnami/mysql/bin/mysqld (mysqld 5.7.20) starting as process 115 ...
2017-11-04T05:07:02.835696Z 0 [Warning] Setting lower_case_table_names=2 because file system for /opt/bitnami/mysql/data/ is case insensitive
2017-11-04T05:07:02.839222Z 0 [Note] InnoDB: PUNCH HOLE support available
2017-11-04T05:07:02.839450Z 0 [Note] InnoDB: Mutexes and rw_locks use GCC atomic builtins
2017-11-04T05:07:02.839648Z 0 [Note] InnoDB: Uses event mutexes
2017-11-04T05:07:02.839875Z 0 [Note] InnoDB: GCC builtin __sync_synchronize() is used for memory barrier
2017-11-04T05:07:02.840168Z 0 [Note] InnoDB: Compressed tables use zlib 1.2.3
2017-11-04T05:07:02.840423Z 0 [Note] InnoDB: Using Linux native AIO
2017-11-04T05:07:02.840783Z 0 [Note] InnoDB: Number of pools: 1
2017-11-04T05:07:02.841039Z 0 [Note] InnoDB: Using CPU crc32 instructions
2017-11-04T05:07:02.842891Z 0 [Note] InnoDB: Initializing buffer pool, total size = 128M, instances = 1, chunk size = 128M
2017-11-04T05:07:02.848280Z 0 [Note] InnoDB: Completed initialization of buffer pool
2017-11-04T05:07:02.850115Z 0 [Note] InnoDB: If the mysqld execution user is authorized, page cleaner thread priority can be changed. See the man page of setpriority().
2017-11-04T05:07:02.882980Z 0 [Note] InnoDB: Highest supported file format is Barracuda.
2017-11-04T05:07:02.986033Z 0 [Note] InnoDB: Creating shared tablespace for temporary tables
2017-11-04T05:07:02.988967Z 0 [Note] InnoDB: Setting file './ibtmp1' size to 12 MB. Physically writing the file full; Please wait ...
2017-11-04T05:07:03.097832Z 0 [Note] InnoDB: File './ibtmp1' size is now 12 MB.
2017-11-04T05:07:03.108343Z 0 [Note] InnoDB: 96 redo rollback segment(s) found. 96 redo rollback segment(s) are active.
2017-11-04T05:07:03.108792Z 0 [Note] InnoDB: 32 non-redo rollback segment(s) are active.
2017-11-04T05:07:03.109929Z 0 [Note] InnoDB: Waiting for purge to start
2017-11-04T05:07:03.161236Z 0 [Note] InnoDB: 5.7.20 started; log sequence number 2602473
2017-11-04T05:07:03.163302Z 0 [Note] Plugin 'FEDERATED' is disabled.
2017-11-04T05:07:03.168793Z 0 [Note] InnoDB: Loading buffer pool(s) from /bitnami/mysql/data/ib_buffer_pool
2017-11-04T05:07:03.291655Z 0 [Warning] World-writable config file './auto.cnf' is ignored.
2017-11-04T05:07:03.293799Z 0 [Warning] World-writable config file './auto.cnf' has been removed.

2017-11-04T05:07:03.295538Z 0 [Note] Salting uuid generator variables, current_pid: 115, server_start_time: 1509772022, bytes_sent: 0, 
2017-11-04T05:07:03.296822Z 0 [Note] Generated uuid: 'fee8be8f-c11d-11e7-8b16-0242ac120005', server_start_time: 32369623831497577, bytes_sent: 66863360
2017-11-04T05:07:03.300827Z 0 [Warning] No existing UUID has been found, so we assume that this is the first time that this server has been started. Generating a new UUID: fee8be8f-c11d-11e7-8b16-0242ac120005.
2017-11-04T05:07:03.377974Z 0 [Warning] Failed to set up SSL because of the following SSL library error: SSL context is not usable without certificate and private key
2017-11-04T05:07:03.383817Z 0 [Note] Server hostname (bind-address): '*'; port: 3306
2017-11-04T05:07:03.384548Z 0 [Note] IPv6 is available.
2017-11-04T05:07:03.385510Z 0 [Note]   - '::' resolves to '::';
2017-11-04T05:07:03.385830Z 0 [Note] Server socket created on IP: '::'.
2017-11-04T05:07:03.460592Z 0 [Note] InnoDB: Buffer pool(s) load completed at 171104  5:07:03
2017-11-04T05:07:03.834100Z 0 [Note] Event Scheduler: Loaded 0 events
2017-11-04T05:07:03.835390Z 0 [Note] /opt/bitnami/mysql/bin/mysqld: ready for connections.
Version: '5.7.20'  socket: '/tmp/mysql.sock'  port: 3306  MySQL Community Server (GPL)
2017-11-04T05:07:03.835540Z 0 [Note] Executing 'SELECT * FROM INFORMATION_SCHEMA.TABLES;' to get a list of tables using the deprecated partition engine. You may use the startup option '--disable-partition-engine-check' to skip this check. 
2017-11-04T05:07:03.835665Z 0 [Note] Beginning of list of non-natively partitioned tables
2017-11-04T05:07:04.316799Z 0 [Note] End of list of non-natively partitioned tables
